2025-07-29 06:47:43,082 - INFO - Page principale chargée
2025-07-29 06:48:02,669 - INFO - Iframe localisée
2025-07-29 06:48:07,925 - ERROR - Erreur historique: Frame.wait_for_selector: Timeout 5000ms exceeded.
Call log:
  - waiting for locator("[data-testid^=\"history-item-\"]") to be visible

2025-07-29 06:48:07,925 - WARNING - Aucune donnée historique. Réessai dans 10s
2025-07-29 06:48:19,113 - ERROR - Erreur dans la boucle: name 'np' is not defined
2025-07-29 06:48:33,417 - ERROR - Erreur dans la boucle: name 'np' is not defined
2025-07-29 06:48:43,752 - ERROR - Erreur dans la boucle: name 'np' is not defined
2025-07-29 06:48:54,312 - ERROR - Erreur dans la boucle: name 'np' is not defined
2025-07-29 06:49:03,915 - ERROR - Crash du script: Browser.close: Connection closed while reading from the driver. Redémarrage dans 60s.
2025-07-29 07:17:12,048 - INFO - Page principale chargée
2025-07-29 07:17:42,063 - CRITICAL - Erreur critique: Page.wait_for_selector: Timeout 30000ms exceeded.
Call log:
  - waiting for locator("iframe.CasinoGameFrame_root_V6yFR,iframe[src*=\"luckyjet\"],iframe[src*=\"lucky\"],div.CasinoOneWinGame_game_goAwv iframe") to be visible
  -     - locator resolved to visible <iframe class="CasinoGameFrame_root_V6yFR CasinoGame_game_JenRc" src="https://1play.gamedev-tech.cc/lucky_grm/vgs/?b=52b068a1cd713bc2d3e1657b3279bfe5ef96f3e0305def3a932e2ea7adbbc3a2d7d87e8eca892f27ffc4e8e2bed740d3932c0cf4503aa28c87041f0fe0a1434da6f721972cebb06751791886e12523c6265de894d43b75d1117699adca24014e289558cffec1da7878bde80cf5e5aaf26164518be14684ef0c9b06e5855cf1e6c08ea61afec0336ebd2cb034374f81de617b6e4272761ea681edc17953475b87106fde6c60624a6d3fe74e63b9164ef7a0961d2b4a864bb430.4f143fb643da69e37c…></iframe>

2025-07-29 07:18:04,031 - INFO - Page principale chargée
2025-07-29 07:18:12,267 - INFO - Iframe localisée
2025-07-29 07:18:20,193 - ERROR - Erreur dans la boucle: name 'np' is not defined
2025-07-29 07:18:30,883 - ERROR - Erreur dans la boucle: name 'np' is not defined
2025-07-29 07:18:37,708 - ERROR - Crash du script: Browser.close: Connection closed while reading from the driver. Redémarrage dans 60s.
